\BOOKMARK [1][-]{section.1}{\376\377\000Z\000a\000d\000\341\000n\000\355}{}% 1
\BOOKMARK [2][-]{subsection.1.1}{\376\377\000\332\000l\000o\000h\000a\000\040\0002}{section.1}% 2
\BOOKMARK [2][-]{subsection.1.2}{\376\377\000\332\000l\000o\000h\000a\000\040\0003}{section.1}% 3
\BOOKMARK [1][-]{section.2}{\376\377\001\130\000e\001\141\000e\000n\000\355}{}% 4
\BOOKMARK [2][-]{subsection.2.1}{\376\377\000Z\000p\000r\000a\000c\000o\000v\000\341\000n\000\355\000\040\000o\000b\000r\000a\000z\000u}{section.2}% 5
\BOOKMARK [3][-]{subsubsection.2.1.1}{\376\377\000T\000r\000\351\000n\000o\000v\000\341\000n\000\355\000\040\000C\000N\000N}{subsection.2.1}% 6
\BOOKMARK [3][-]{subsubsection.2.1.2}{\376\377\000R\000o\000z\000p\000o\000z\000n\000\341\000v\000\341\000n\000\355\000\040\000o\000b\000r\000a\000z\000u}{subsection.2.1}% 7
\BOOKMARK [3][-]{subsubsection.2.1.3}{\376\377\000P\000o\000z\000i\000c\000e\000\040\000o\000b\000j\000e\000k\000t\001\157\000\040\000v\000\040\000p\000r\000o\000s\000t\000o\000r\000u}{subsection.2.1}% 8
\BOOKMARK [2][-]{subsection.2.2}{\376\377\000L\000o\000k\000a\000l\000i\000z\000a\000c\000e\000\040\000a\000\040\000m\000a\000p\000o\000v\000\341\000n\000\355}{section.2}% 9
\BOOKMARK [3][-]{subsubsection.2.2.1}{\376\377\000U\000n\000s\000c\000e\000n\000t\000e\000d\000\040\000K\000a\000l\000m\000a\000n\000\040\000f\000i\000l\000t\000e\000r}{subsection.2.2}% 10
\BOOKMARK [3][-]{subsubsection.2.2.2}{\376\377\000S\000L\000A\000M\000\040\000s\000t\000r\000u\000k\000t\000u\000r\000a}{subsection.2.2}% 11
\BOOKMARK [3][-]{subsubsection.2.2.3}{\376\377\000P\000r\000e\000d\000i\000k\000c\000e\000\040\000K\000a\000l\000m\000a\000n\000\040\000f\000i\000l\000t\000r\000u\000\040\000v\000e\000\040\000S\000L\000A\000M\000u}{subsection.2.2}% 12
\BOOKMARK [3][-]{subsubsection.2.2.4}{\376\377\000A\000k\000t\000u\000a\000l\000i\000z\000a\000c\000e\000\040\000K\000a\000l\000m\000a\000n\000\040\000f\000i\000l\000t\000r\000u\000\040\000v\000e\000\040\000S\000L\000A\000M\000u}{subsection.2.2}% 13
\BOOKMARK [3][-]{subsubsection.2.2.5}{\376\377\000A\000k\000t\000u\000a\000l\000i\000z\000a\000c\000e\000\040\000m\000a\000p\000y}{subsection.2.2}% 14
\BOOKMARK [2][-]{subsection.2.3}{\376\377\000P\000l\000\341\000n\000o\000v\000\341\000n\000\355}{section.2}% 15
\BOOKMARK [3][-]{subsubsection.2.3.1}{\376\377\000I\000d\000e\000n\000t\000i\000f\000i\000k\000a\000c\000e\000\040\000a\000\040\000p\001\131\000e\001\131\000a\000z\000e\000n\000\355\000\040\000o\000b\000j\000e\000k\000t\001\157}{subsection.2.3}% 16
\BOOKMARK [3][-]{subsubsection.2.3.2}{\376\377\000H\000l\000a\000v\000n\000\355\000\040\000l\000o\000g\000i\000k\000a}{subsection.2.3}% 17
\BOOKMARK [3][-]{subsubsection.2.3.3}{\376\377\000P\000l\000\341\000n\000o\000v\000\341\000n\000\355\000\040\000t\000r\000a\000j\000e\000k\000t\000o\000r\000i\000e\000\040\000m\000\355\001\015\000e}{subsection.2.3}% 18
\BOOKMARK [3][-]{subsubsection.2.3.4}{\376\377\000P\000l\000\341\000n\000o\000v\000\341\000n\000\355\000\040\000t\000r\000a\000j\000e\000k\000t\000o\000r\000i\000e\000\040\000r\000o\000b\000o\000t\000a}{subsection.2.3}% 19
\BOOKMARK [3][-]{subsubsection.2.3.5}{\376\377\000S\000i\000m\000u\000l\000\341\000t\000o\000r}{subsection.2.3}% 20
\BOOKMARK [2][-]{subsection.2.4}{\376\377\000P\000o\000h\000y\000b}{section.2}% 21
\BOOKMARK [1][-]{section.3}{\376\377\000T\000e\000s\000t\000o\000v\000\341\000n\000\355}{}% 22
\BOOKMARK [2][-]{subsection.3.1}{\376\377\000V\000i\000d\001\033\000n\000\355}{section.3}% 23
\BOOKMARK [2][-]{subsection.3.2}{\376\377\000S\000L\000A\000M}{section.3}% 24
\BOOKMARK [2][-]{subsection.3.3}{\376\377\000P\000l\000\341\000n\000o\000v\000\341\000n\000\355}{section.3}% 25
\BOOKMARK [2][-]{subsection.3.4}{\376\377\000P\000o\000h\000y\000b}{section.3}% 26
\BOOKMARK [1][-]{section.4}{\376\377\000Z\000\341\000v\001\033\000r}{}% 27
